PHPUnit Started (PHPUnit 12.3.8 using PHP 8.4.12 (cli) on Darwin)
Test Runner Configured
Bootstrap Finished (/Users/rosswhitfield/Herd/hedgefund/vendor/autoload.php)
Event Facade Sealed
Test Suite Loaded (103 tests)
Test Runner Started
Test Suite Sorted
Test Suite Filtered (1 test)
Test Runner Execution Started (1 test)
Test Suite Started (/Users/rosswhitfield/Herd/hedgefund/phpunit.xml, 1 test)
Test Suite Started (Unit, 1 test)
Test Suite Started (P\Tests\Unit\Decision\DecisionEngineSafetyTest, 1 test)
Before First Test Method Called (P\Tests\Unit\Decision\DecisionEngineSafetyTest::setUpBeforeClass)
Before First Test Method Finished:
- P\Tests\Unit\Decision\DecisionEngineSafetyTest::setUpBeforeClass
Test Preparation Started (P\Tests\Unit\Decision\DecisionEngineSafetyTest::__pest_evaluable_it_blocks_when_spread_required_but_missing)
Before Test Method Called (P\Tests\Unit\Decision\DecisionEngineSafetyTest::setUp)
Before Test Method Finished:
- P\Tests\Unit\Decision\DecisionEngineSafetyTest::setUp
Test Prepared (P\Tests\Unit\Decision\DecisionEngineSafetyTest::__pest_evaluable_it_blocks_when_spread_required_but_missing)
